<?xml version="1.0" encoding="UTF-8"?>
<Site BuildName="Linux-g++-11"
	BuildStamp="20240927-0526-Experimental"
	Name="gdp"
	Generator="ctest-3.21.1"
	CompilerName="/usr/bin/g++-11"
	CompilerVersion="11.4.0"
	OSName="Linux"
	Hostname="gdp"
	OSRelease="5.4.0-196-generic"
	OSVersion="#216-Ubuntu SMP Thu Aug 29 13:26:53 UTC 2024"
	OSPlatform="x86_64"
	Is64Bits="1"
	VendorString="GenuineIntel"
	VendorID="Intel Corporation"
	FamilyID="6"
	ModelID="85"
	ProcessorCacheSize="36608"
	NumberOfLogicalCPU="96"
	NumberOfPhysicalCPU="48"
	TotalVirtualMemory="2047"
	TotalPhysicalMemory="128551"
	LogicalProcessorsPerPhysical="2"
	ProcessorClockFrequency="1000.03"
	>
	<Testing>
		<StartDateTime>Sep 27 14:04 CST</StartDateTime>
		<StartTestTime>1727417078</StartTestTime>
		<TestList/>
		<EndDateTime>Sep 27 14:04 CST</EndDateTime>
		<EndTestTime>1727417078</EndTestTime>
		<ElapsedMinutes>0</ElapsedMinutes>
	</Testing>
</Site>
